c:\users\administrator.jusin-20210122c\desktop\d3dsole\3deditor\default\debug\3deditor.pch
c:\users\administrator.jusin-20210122c\desktop\d3dsole\3deditor\default\debug\vc140.pdb
c:\users\administrator.jusin-20210122c\desktop\d3dsole\3deditor\default\debug\vc140.idb
c:\users\administrator.jusin-20210122c\desktop\d3dsole\3deditor\default\debug\stdafx.obj
c:\users\administrator.jusin-20210122c\desktop\d3dsole\3deditor\default\debug\3deditordoc.obj
c:\users\administrator.jusin-20210122c\desktop\d3dsole\3deditor\default\debug\3deditorview.obj
c:\users\administrator.jusin-20210122c\desktop\d3dsole\3deditor\default\debug\editorextern.obj
c:\users\administrator.jusin-20210122c\desktop\d3dsole\3deditor\default\debug\editorscene.obj
c:\users\administrator.jusin-20210122c\desktop\d3dsole\3deditor\default\debug\featureview.obj
c:\users\administrator.jusin-20210122c\desktop\d3dsole\3deditor\default\debug\hierarchyview.obj
c:\users\administrator.jusin-20210122c\desktop\d3dsole\3deditor\default\debug\inspectorview.obj
c:\users\administrator.jusin-20210122c\desktop\d3dsole\3deditor\default\debug\maineditor.obj
c:\users\administrator.jusin-20210122c\desktop\d3dsole\3deditor\default\debug\mainfrm.obj
c:\users\administrator.jusin-20210122c\desktop\d3dsole\3deditor\default\debug\prefabmanager.obj
c:\users\administrator.jusin-20210122c\desktop\d3dsole\3deditor\default\debug\projectview.obj
c:\users\administrator.jusin-20210122c\desktop\d3dsole\3deditor\default\debug\3deditor.obj
c:\users\administrator.jusin-20210122c\desktop\d3dsole\bin\3deditor\debug\x86\3deditor.ilk
c:\users\administrator.jusin-20210122c\desktop\d3dsole\bin\3deditor\debug\x86\3deditor.exe
c:\users\administrator.jusin-20210122c\desktop\d3dsole\bin\3deditor\debug\x86\3deditor.pdb
c:\users\administrator.jusin-20210122c\desktop\d3dsole\3deditor\default\debug\3deditor.res
c:\users\administrator.jusin-20210122c\desktop\d3dsole\3deditor\default\../../bin/3deditor/debug/x86\3deditor.exe
c:\users\administrator.jusin-20210122c\desktop\d3dsole\3deditor\default\debug\3deditor.tlog\cl.command.1.tlog
c:\users\administrator.jusin-20210122c\desktop\d3dsole\3deditor\default\debug\3deditor.tlog\cl.read.1.tlog
c:\users\administrator.jusin-20210122c\desktop\d3dsole\3deditor\default\debug\3deditor.tlog\cl.write.1.tlog
c:\users\administrator.jusin-20210122c\desktop\d3dsole\3deditor\default\debug\3deditor.tlog\link.command.1.tlog
c:\users\administrator.jusin-20210122c\desktop\d3dsole\3deditor\default\debug\3deditor.tlog\link.read.1.tlog
c:\users\administrator.jusin-20210122c\desktop\d3dsole\3deditor\default\debug\3deditor.tlog\link.write.1.tlog
c:\users\administrator.jusin-20210122c\desktop\d3dsole\3deditor\default\debug\3deditor.tlog\rc.command.1.tlog
c:\users\administrator.jusin-20210122c\desktop\d3dsole\3deditor\default\debug\3deditor.tlog\rc.read.1.tlog
c:\users\administrator.jusin-20210122c\desktop\d3dsole\3deditor\default\debug\3deditor.tlog\rc.write.1.tlog
